# JRE version: OpenJDK Runtime Environment (8.0_242) (build 1.8.0_242-release-1644-b3-6222593)
# Java VM: OpenJDK 64-Bit Server VM (25.242-b3-6222593 mixed mode linux-amd64 compressed oops)
Heap:
 PSYoungGen      total 249856K, used 0K [0x00000000d5580000, 0x00000000e7e80000, 0x0000000100000000)
  eden space 218112K, 0% used [0x00000000d5580000,0x00000000d5580000,0x00000000e2a80000)
  from space 31744K, 0% used [0x00000000e5300000,0x00000000e5300000,0x00000000e7200000)
  to   space 12800K, 0% used [0x00000000e7200000,0x00000000e7200000,0x00000000e7e80000)
 ParOldGen       total 85504K, used 64938K [0x0000000080000000, 0x0000000085380000, 0x00000000d5580000)
  object space 85504K, 75% used [0x0000000080000000,0x0000000083f6a860,0x0000000085380000)
 Metaspace       used 90889K, capacity 95092K, committed 98600K, reserved 1134592K
  class space    used 11900K, capacity 12678K, committed 13616K, reserved 1048576K
GC Heap History (10 events):
Event: 31.680 GC heap after
Heap after GC invocations=18 (full 3):
 PSYoungGen      total 287744K, used 21370K [0x00000000d5580000, 0x00000000eb600000, 0x0000000100000000)
  eden space 258048K, 0% used [0x00000000d5580000,0x00000000d5580000,0x00000000e5180000)
  from space 29696K, 71% used [0x00000000e5180000,0x00000000e665eb20,0x00000000e6e80000)
  to   space 31232K, 0% used [0x00000000e9780000,0x00000000e9780000,0x00000000eb600000)
 ParOldGen       total 85504K, used 65131K [0x0000000080000000, 0x0000000085380000, 0x00000000d5580000)
  object space 85504K, 76% used [0x0000000080000000,0x0000000083f9af98,0x0000000085380000)
 Metaspace       used 76742K, capacity 80444K, committed 80536K, reserved 1118208K
  class space    used 10230K, capacity 10909K, committed 10928K, reserved 1048576K
}
Event: 2920.340 GC heap before
{Heap before GC invocations=19 (full 3):
 PSYoungGen      total 287744K, used 279418K [0x00000000d5580000, 0x00000000eb600000, 0x0000000100000000)
  eden space 258048K, 100% used [0x00000000d5580000,0x00000000e5180000,0x00000000e5180000)
  from space 29696K, 71% used [0x00000000e5180000,0x00000000e665eb20,0x00000000e6e80000)
  to   space 31232K, 0% used [0x00000000e9780000,0x00000000e9780000,0x00000000eb600000)
 ParOldGen       total 85504K, used 65131K [0x0000000080000000, 0x0000000085380000, 0x00000000d5580000)
  object space 85504K, 76% used [0x0000000080000000,0x0000000083f9af98,0x0000000085380000)
 Metaspace       used 77728K, capacity 81610K, committed 81944K, reserved 1120256K
  class space    used 10248K, capacity 10938K, committed 11056K, reserved 1048576K
Event: 2920.354 GC heap after
Heap after GC invocations=19 (full 3):
 PSYoungGen      total 265216K, used 17696K [0x00000000d5580000, 0x00000000ea900000, 0x0000000100000000)
  eden space 247296K, 0% used [0x00000000d5580000,0x00000000d5580000,0x00000000e4700000)
  from space 17920K, 98% used [0x00000000e9780000,0x00000000ea8c8070,0x00000000ea900000)
  to   space 31232K, 0% used [0x00000000e6c00000,0x00000000e6c00000,0x00000000e8a80000)
 ParOldGen       total 85504K, used 65139K [0x0000000080000000, 0x0000000085380000, 0x00000000d5580000)
  object space 85504K, 76% used [0x0000000080000000,0x0000000083f9cf98,0x0000000085380000)
 Metaspace       used 77728K, capacity 81610K, committed 81944K, reserved 1120256K
  class space    used 10248K, capacity 10938K, committed 11056K, reserved 1048576K
}
Event: 2956.795 GC heap before
{Heap before GC invocations=20 (full 3):
 PSYoungGen      total 265216K, used 264992K [0x00000000d5580000, 0x00000000ea900000, 0x0000000100000000)
  eden space 247296K, 100% used [0x00000000d5580000,0x00000000e4700000,0x00000000e4700000)
  from space 17920K, 98% used [0x00000000e9780000,0x00000000ea8c8070,0x00000000ea900000)
  to   space 31232K, 0% used [0x00000000e6c00000,0x00000000e6c00000,0x00000000e8a80000)
 ParOldGen       total 85504K, used 65139K [0x0000000080000000, 0x0000000085380000, 0x00000000d5580000)
  object space 85504K, 76% used [0x0000000080000000,0x0000000083f9cf98,0x0000000085380000)
 Metaspace       used 78315K, capacity 82278K, committed 82456K, reserved 1120256K
  class space    used 10280K, capacity 10992K, committed 11056K, reserved 1048576K
Event: 2956.811 GC heap after
Heap after GC invocations=20 (full 3):
 PSYoungGen      total 255488K, used 17936K [0x00000000d5580000, 0x00000000e9800000, 0x0000000100000000)
  eden space 237056K, 0% used [0x00000000d5580000,0x00000000d5580000,0x00000000e3d00000)
  from space 18432K, 97% used [0x00000000e6c00000,0x00000000e7d84120,0x00000000e7e00000)
  to   space 26624K, 0% used [0x00000000e7e00000,0x00000000e7e00000,0x00000000e9800000)
 ParOldGen       total 85504K, used 65147K [0x0000000080000000, 0x0000000085380000, 0x00000000d5580000)
  object space 85504K, 76% used [0x0000000080000000,0x0000000083f9ef98,0x0000000085380000)
 Metaspace       used 78315K, capacity 82278K, committed 82456K, reserved 1120256K
  class space    used 10280K, capacity 10992K, committed 11056K, reserved 1048576K
}
Event: 3037.970 GC heap before
{Heap before GC invocations=21 (full 3):
 PSYoungGen      total 255488K, used 254992K [0x00000000d5580000, 0x00000000e9800000, 0x0000000100000000)
  eden space 237056K, 100% used [0x00000000d5580000,0x00000000e3d00000,0x00000000e3d00000)
  from space 18432K, 97% used [0x00000000e6c00000,0x00000000e7d84120,0x00000000e7e00000)
  to   space 26624K, 0% used [0x00000000e7e00000,0x00000000e7e00000,0x00000000e9800000)
 ParOldGen       total 85504K, used 65147K [0x0000000080000000, 0x0000000085380000, 0x00000000d5580000)
  object space 85504K, 76% used [0x0000000080000000,0x0000000083f9ef98,0x0000000085380000)
 Metaspace       used 78654K, capacity 82756K, committed 82968K, reserved 1122304K
  class space    used 10292K, capacity 11015K, committed 11056K, reserved 1048576K
Event: 3037.988 GC heap after
Heap after GC invocations=21 (full 3):
 PSYoungGen      total 246784K, used 19104K [0x00000000d5580000, 0x00000000e9100000, 0x0000000100000000)
  eden space 227328K, 0% used [0x00000000d5580000,0x00000000d5580000,0x00000000e3380000)
  from space 19456K, 98% used [0x00000000e7e00000,0x00000000e90a8120,0x00000000e9100000)
  to   space 31744K, 0% used [0x00000000e5300000,0x00000000e5300000,0x00000000e7200000)
 ParOldGen       total 85504K, used 65155K [0x0000000080000000, 0x0000000085380000, 0x00000000d5580000)
  object space 85504K, 76% used [0x0000000080000000,0x0000000083fa0f98,0x0000000085380000)
 Metaspace       used 78654K, capacity 82756K, committed 82968K, reserved 1122304K
  class space    used 10292K, capacity 11015K, committed 11056K, reserved 1048576K
}
Event: 3040.567 GC heap before
{Heap before GC invocations=22 (full 3):
 PSYoungGen      total 246784K, used 226796K [0x00000000d5580000, 0x00000000e9100000, 0x0000000100000000)
  eden space 227328K, 91% used [0x00000000d5580000,0x00000000e20531c8,0x00000000e3380000)
  from space 19456K, 98% used [0x00000000e7e00000,0x00000000e90a8120,0x00000000e9100000)
  to   space 31744K, 0% used [0x00000000e5300000,0x00000000e5300000,0x00000000e7200000)
 ParOldGen       total 85504K, used 65155K [0x0000000080000000, 0x0000000085380000, 0x00000000d5580000)
  object space 85504K, 76% used [0x0000000080000000,0x0000000083fa0f98,0x0000000085380000)
 Metaspace       used 92270K, capacity 98488K, committed 98600K, reserved 1134592K
  class space    used 12363K, capacity 13504K, committed 13616K, reserved 1048576K
Event: 3040.625 GC heap after
Heap after GC invocations=22 (full 3):
 PSYoungGen      total 249856K, used 31740K [0x00000000d5580000, 0x00000000e7e80000, 0x0000000100000000)
  eden space 218112K, 0% used [0x00000000d5580000,0x00000000d5580000,0x00000000e2a80000)
  from space 31744K, 99% used [0x00000000e5300000,0x00000000e71ff078,0x00000000e7200000)
  to   space 12800K, 0% used [0x00000000e7200000,0x00000000e7200000,0x00000000e7e80000)
 ParOldGen       total 85504K, used 75139K [0x0000000080000000, 0x0000000085380000, 0x00000000d5580000)
  object space 85504K, 87% used [0x0000000080000000,0x0000000084960e20,0x0000000085380000)
 Metaspace       used 92270K, capacity 98488K, committed 98600K, reserved 1134592K
  class space    used 12363K, capacity 13504K, committed 13616K, reserved 1048576K
}
Event: 3040.634 GC heap before
{Heap before GC invocations=23 (full 4):
 PSYoungGen      total 249856K, used 31740K [0x00000000d5580000, 0x00000000e7e80000, 0x0000000100000000)
  eden space 218112K, 0% used [0x00000000d5580000,0x00000000d5580000,0x00000000e2a80000)
  from space 31744K, 99% used [0x00000000e5300000,0x00000000e71ff078,0x00000000e7200000)
  to   space 12800K, 0% used [0x00000000e7200000,0x00000000e7200000,0x00000000e7e80000)
 ParOldGen       total 85504K, used 75139K [0x0000000080000000, 0x0000000085380000, 0x00000000d5580000)
  object space 85504K, 87% used [0x0000000080000000,0x0000000084960e20,0x0000000085380000)
 Metaspace       used 92270K, capacity 98488K, committed 98600K, reserved 1134592K
  class space    used 12363K, capacity 13504K, committed 13616K, reserved 1048576K

