# JRE version: OpenJDK Runtime Environment (8.0_242) (build 1.8.0_242-release-1644-b3-6222593)
# Java VM: OpenJDK 64-Bit Server VM (25.242-b3-6222593 mixed mode linux-amd64 compressed oops)
Heap:
 PSYoungGen      total 327680K, used 18586K [0x00000000d5580000, 0x00000000eb280000, 0x0000000100000000)
  eden space 304128K, 0% used [0x00000000d5580000,0x00000000d5580000,0x00000000e7e80000)
  from space 23552K, 78% used [0x00000000e8480000,0x00000000e96a6828,0x00000000e9b80000)
  to   space 17920K, 0% used [0x00000000ea100000,0x00000000ea100000,0x00000000eb280000)
 ParOldGen       total 74240K, used 39962K [0x0000000080000000, 0x0000000084880000, 0x00000000d5580000)
  object space 74240K, 53% used [0x0000000080000000,0x0000000082706b98,0x0000000084880000)
 Metaspace       used 81210K, capacity 87650K, committed 87832K, reserved 1124352K
  class space    used 11382K, capacity 12550K, committed 12592K, reserved 1048576K
GC Heap History (10 events):
Event: 3.424 GC heap after
Heap after GC invocations=13 (full 2):
 PSYoungGen      total 182272K, used 11773K [0x00000000d5580000, 0x00000000e4900000, 0x0000000100000000)
  eden space 169472K, 0% used [0x00000000d5580000,0x00000000d5580000,0x00000000dfb00000)
  from space 12800K, 91% used [0x00000000dfb00000,0x00000000e067f780,0x00000000e0780000)
  to   space 13824K, 0% used [0x00000000e3b80000,0x00000000e3b80000,0x00000000e4900000)
 ParOldGen       total 49152K, used 15794K [0x0000000080000000, 0x0000000083000000, 0x00000000d5580000)
  object space 49152K, 32% used [0x0000000080000000,0x0000000080f6ca30,0x0000000083000000)
 Metaspace       used 42186K, capacity 43950K, committed 44336K, reserved 1087488K
  class space    used 5781K, capacity 6121K, committed 6192K, reserved 1048576K
}
Event: 4.595 GC heap before
{Heap before GC invocations=14 (full 2):
 PSYoungGen      total 182272K, used 181245K [0x00000000d5580000, 0x00000000e4900000, 0x0000000100000000)
  eden space 169472K, 100% used [0x00000000d5580000,0x00000000dfb00000,0x00000000dfb00000)
  from space 12800K, 91% used [0x00000000dfb00000,0x00000000e067f780,0x00000000e0780000)
  to   space 13824K, 0% used [0x00000000e3b80000,0x00000000e3b80000,0x00000000e4900000)
 ParOldGen       total 49152K, used 15794K [0x0000000080000000, 0x0000000083000000, 0x00000000d5580000)
  object space 49152K, 32% used [0x0000000080000000,0x0000000080f6ca30,0x0000000083000000)
 Metaspace       used 56523K, capacity 58878K, committed 58928K, reserved 1099776K
  class space    used 7744K, capacity 8232K, committed 8240K, reserved 1048576K
Event: 4.609 GC heap after
Heap after GC invocations=14 (full 2):
 PSYoungGen      total 228352K, used 13800K [0x00000000d5580000, 0x00000000e5400000, 0x0000000100000000)
  eden space 214528K, 0% used [0x00000000d5580000,0x00000000d5580000,0x00000000e2700000)
  from space 13824K, 99% used [0x00000000e3b80000,0x00000000e48fa068,0x00000000e4900000)
  to   space 20992K, 0% used [0x00000000e2700000,0x00000000e2700000,0x00000000e3b80000)
 ParOldGen       total 49152K, used 29094K [0x0000000080000000, 0x0000000083000000, 0x00000000d5580000)
  object space 49152K, 59% used [0x0000000080000000,0x0000000081c69990,0x0000000083000000)
 Metaspace       used 56523K, capacity 58878K, committed 58928K, reserved 1099776K
  class space    used 7744K, capacity 8232K, committed 8240K, reserved 1048576K
}
Event: 4.624 GC heap before
{Heap before GC invocations=15 (full 2):
 PSYoungGen      total 228352K, used 17684K [0x00000000d5580000, 0x00000000e5400000, 0x0000000100000000)
  eden space 214528K, 1% used [0x00000000d5580000,0x00000000d594b108,0x00000000e2700000)
  from space 13824K, 99% used [0x00000000e3b80000,0x00000000e48fa068,0x00000000e4900000)
  to   space 20992K, 0% used [0x00000000e2700000,0x00000000e2700000,0x00000000e3b80000)
 ParOldGen       total 49152K, used 29094K [0x0000000080000000, 0x0000000083000000, 0x00000000d5580000)
  object space 49152K, 59% used [0x0000000080000000,0x0000000081c69990,0x0000000083000000)
 Metaspace       used 56677K, capacity 59028K, committed 59160K, reserved 1099776K
  class space    used 7765K, capacity 8239K, committed 8240K, reserved 1048576K
Event: 4.630 GC heap after
Heap after GC invocations=15 (full 2):
 PSYoungGen      total 235520K, used 576K [0x00000000d5580000, 0x00000000eb580000, 0x0000000100000000)
  eden space 214528K, 0% used [0x00000000d5580000,0x00000000d5580000,0x00000000e2700000)
  from space 20992K, 2% used [0x00000000e2700000,0x00000000e2790000,0x00000000e3b80000)
  to   space 20992K, 0% used [0x00000000ea100000,0x00000000ea100000,0x00000000eb580000)
 ParOldGen       total 49152K, used 40252K [0x0000000080000000, 0x0000000083000000, 0x00000000d5580000)
  object space 49152K, 81% used [0x0000000080000000,0x000000008274f098,0x0000000083000000)
 Metaspace       used 56677K, capacity 59028K, committed 59160K, reserved 1099776K
  class space    used 7765K, capacity 8239K, committed 8240K, reserved 1048576K
}
Event: 4.630 GC heap before
{Heap before GC invocations=16 (full 3):
 PSYoungGen      total 235520K, used 576K [0x00000000d5580000, 0x00000000eb580000, 0x0000000100000000)
  eden space 214528K, 0% used [0x00000000d5580000,0x00000000d5580000,0x00000000e2700000)
  from space 20992K, 2% used [0x00000000e2700000,0x00000000e2790000,0x00000000e3b80000)
  to   space 20992K, 0% used [0x00000000ea100000,0x00000000ea100000,0x00000000eb580000)
 ParOldGen       total 49152K, used 40252K [0x0000000080000000, 0x0000000083000000, 0x00000000d5580000)
  object space 49152K, 81% used [0x0000000080000000,0x000000008274f098,0x0000000083000000)
 Metaspace       used 56677K, capacity 59028K, committed 59160K, reserved 1099776K
  class space    used 7765K, capacity 8239K, committed 8240K, reserved 1048576K
Event: 4.731 GC heap after
Heap after GC invocations=16 (full 3):
 PSYoungGen      total 235520K, used 0K [0x00000000d5580000, 0x00000000eb580000, 0x0000000100000000)
  eden space 214528K, 0% used [0x00000000d5580000,0x00000000d5580000,0x00000000e2700000)
  from space 20992K, 0% used [0x00000000e2700000,0x00000000e2700000,0x00000000e3b80000)
  to   space 20992K, 0% used [0x00000000ea100000,0x00000000ea100000,0x00000000eb580000)
 ParOldGen       total 74240K, used 29235K [0x0000000080000000, 0x0000000084880000, 0x00000000d5580000)
  object space 74240K, 39% used [0x0000000080000000,0x0000000081c8cf90,0x0000000084880000)
 Metaspace       used 56636K, capacity 58890K, committed 59160K, reserved 1099776K
  class space    used 7753K, capacity 8216K, committed 8240K, reserved 1048576K
}
Event: 5.990 GC heap before
{Heap before GC invocations=17 (full 3):
 PSYoungGen      total 235520K, used 214528K [0x00000000d5580000, 0x00000000eb580000, 0x0000000100000000)
  eden space 214528K, 100% used [0x00000000d5580000,0x00000000e2700000,0x00000000e2700000)
  from space 20992K, 0% used [0x00000000e2700000,0x00000000e2700000,0x00000000e3b80000)
  to   space 20992K, 0% used [0x00000000ea100000,0x00000000ea100000,0x00000000eb580000)
 ParOldGen       total 74240K, used 29235K [0x0000000080000000, 0x0000000084880000, 0x00000000d5580000)
  object space 74240K, 39% used [0x0000000080000000,0x0000000081c8cf90,0x0000000084880000)
 Metaspace       used 65119K, capacity 68342K, committed 68504K, reserved 1107968K
  class space    used 9016K, capacity 9608K, committed 9648K, reserved 1048576K
Event: 6.001 GC heap after
Heap after GC invocations=17 (full 3):
 PSYoungGen      total 322048K, used 17720K [0x00000000d5580000, 0x00000000eb280000, 0x0000000100000000)
  eden space 304128K, 0% used [0x00000000d5580000,0x00000000d5580000,0x00000000e7e80000)
  from space 17920K, 98% used [0x00000000ea100000,0x00000000eb24e0d0,0x00000000eb280000)
  to   space 23552K, 0% used [0x00000000e8480000,0x00000000e8480000,0x00000000e9b80000)
 ParOldGen       total 74240K, used 29243K [0x0000000080000000, 0x0000000084880000, 0x00000000d5580000)
  object space 74240K, 39% used [0x0000000080000000,0x0000000081c8ef90,0x0000000084880000)
 Metaspace       used 65119K, capacity 68342K, committed 68504K, reserved 1107968K
  class space    used 9016K, capacity 9608K, committed 9648K, reserved 1048576K
}
Event: 22.520 GC heap before
{Heap before GC invocations=18 (full 3):
 PSYoungGen      total 322048K, used 321848K [0x00000000d5580000, 0x00000000eb280000, 0x0000000100000000)
  eden space 304128K, 100% used [0x00000000d5580000,0x00000000e7e80000,0x00000000e7e80000)
  from space 17920K, 98% used [0x00000000ea100000,0x00000000eb24e0d0,0x00000000eb280000)
  to   space 23552K, 0% used [0x00000000e8480000,0x00000000e8480000,0x00000000e9b80000)
 ParOldGen       total 74240K, used 29243K [0x0000000080000000, 0x0000000084880000, 0x00000000d5580000)
  object space 74240K, 39% used [0x0000000080000000,0x0000000081c8ef90,0x0000000084880000)
 Metaspace       used 81210K, capacity 87650K, committed 87832K, reserved 1124352K
  class space    used 11382K, capacity 12550K, committed 12592K, reserved 1048576K

